\BOOKMARK [0][-]{chapter.1}{Introduction}{}% 1
\BOOKMARK [1][-]{section.1.1}{About the Thesis}{chapter.1}% 2
\BOOKMARK [1][-]{section.1.2}{Thesis Outline}{chapter.1}% 3
\BOOKMARK [1][-]{section.1.3}{Citation Principles}{chapter.1}% 4
\BOOKMARK [0][-]{chapter.2}{Interactions of Radiaition in Matter}{}% 5
\BOOKMARK [1][-]{section.2.1}{Neutron Interactions}{chapter.2}% 6
\BOOKMARK [2][-]{subsection.2.1.1}{Elastic Scattering}{section.2.1}% 7
\BOOKMARK [2][-]{subsection.2.1.2}{Inelastic Scattering}{section.2.1}% 8
\BOOKMARK [2][-]{subsection.2.1.3}{Neutron Capture}{section.2.1}% 9
\BOOKMARK [2][-]{subsection.2.1.4}{Nuclear Spallation}{section.2.1}% 10
\BOOKMARK [2][-]{subsection.2.1.5}{Nuclear Fission}{section.2.1}% 11
\BOOKMARK [1][-]{section.2.2}{Charged Particle Interactions}{chapter.2}% 12
\BOOKMARK [2][-]{subsection.2.2.1}{Heavy charged particles and Bethe-Bloch}{section.2.2}% 13
\BOOKMARK [2][-]{subsection.2.2.2}{Electrons}{section.2.2}% 14
\BOOKMARK [1][-]{section.2.3}{Photon Interactions}{chapter.2}% 15
\BOOKMARK [2][-]{subsection.2.3.1}{Photoelectric Absorption}{section.2.3}% 16
\BOOKMARK [2][-]{subsection.2.3.2}{Compton Scattering}{section.2.3}% 17
\BOOKMARK [2][-]{subsection.2.3.3}{Pair Production }{section.2.3}% 18
\BOOKMARK [2][-]{subsection.2.3.4}{Beam Attenuation}{section.2.3}% 19
\BOOKMARK [0][-]{chapter.3}{Neutron Detection Principles}{}% 20
\BOOKMARK [1][-]{section.3.1}{Neutron Conversion}{chapter.3}% 21
\BOOKMARK [1][-]{section.3.2}{Radiation Detectors}{chapter.3}% 22
\BOOKMARK [0][-]{chapter.4}{Gadolinium-Neutron Capture}{}% 23
\BOOKMARK [1][-]{section.4.1}{Cross-section}{chapter.4}% 24
\BOOKMARK [1][-]{section.4.2}{Reaction Equation}{chapter.4}% 25
\BOOKMARK [1][-]{section.4.3}{Reaction Energy Spectrum}{chapter.4}% 26
\BOOKMARK [2][-]{subsection.4.3.1}{Prompt Gamma-Rays}{section.4.3}% 27
\BOOKMARK [2][-]{subsection.4.3.2}{Internal Conversion Electrons}{section.4.3}% 28
\BOOKMARK [2][-]{subsection.4.3.3}{X-rays and Auger Electrons}{section.4.3}% 29
\BOOKMARK [0][-]{chapter.5}{Semiconductors and Pixel Sensors}{}% 30
\BOOKMARK [1][-]{section.5.1}{Semiconductors}{chapter.5}% 31
\BOOKMARK [2][-]{subsection.5.1.1}{Energy Band Diagram}{section.5.1}% 32
\BOOKMARK [2][-]{subsection.5.1.2}{Doped Semiconductors}{section.5.1}% 33
\BOOKMARK [2][-]{subsection.5.1.3}{The Pn-Junction}{section.5.1}% 34
\BOOKMARK [2][-]{subsection.5.1.4}{The Depletion Region}{section.5.1}% 35
\BOOKMARK [2][-]{subsection.5.1.5}{Reverse Bias}{section.5.1}% 36
\BOOKMARK [1][-]{section.5.2}{Pixel Sensors and MAPS}{chapter.5}% 37
\BOOKMARK [2][-]{subsection.5.2.1}{CMOS Technology}{section.5.2}% 38
\BOOKMARK [2][-]{subsection.5.2.2}{Active Pixel Sensors}{section.5.2}% 39
\BOOKMARK [2][-]{subsection.5.2.3}{MAPS}{section.5.2}% 40
\BOOKMARK [0][-]{chapter.6}{The ALPIDE Sensor}{}% 41
\BOOKMARK [1][-]{section.6.1}{Chip Layout}{chapter.6}% 42
\BOOKMARK [1][-]{section.6.2}{Pixel Features}{chapter.6}% 43
\BOOKMARK [1][-]{section.6.3}{In-Pixel Front-End Circuit}{chapter.6}% 44
\BOOKMARK [1][-]{section.6.4}{Mode of Operation}{chapter.6}% 45
\BOOKMARK [0][-]{chapter.7}{Geant4 Simulations}{}% 46
\BOOKMARK [1][-]{section.7.1}{MC method and Geant4}{chapter.7}% 47
\BOOKMARK [1][-]{section.7.2}{Detector Geometry}{chapter.7}% 48
\BOOKMARK [1][-]{section.7.3}{Set-up}{chapter.7}% 49
\BOOKMARK [1][-]{section.7.4}{Results}{chapter.7}% 50
\BOOKMARK [0][-]{chapter.8}{Testing}{}% 51
\BOOKMARK [1][-]{section.8.1}{Cyclotron Radiation Environment}{chapter.8}% 52
\BOOKMARK [1][-]{section.8.2}{Set-up}{chapter.8}% 53
\BOOKMARK [1][-]{section.8.3}{Results}{chapter.8}% 54
